<?xml version="1.0" encoding="utf-8"?>
<test-run id="2" name="Smart_Accounting.Domain.NUnitTest.dll" fullname="/var/www/html/SmartAccounting/Smart_Accounting/Smart_Accounting.Domain.NUnitTest/bin/Debug/netcoreapp2.0/Smart_Accounting.Domain.NUnitTest.dll" testcasecount="6" result="Failed" start-time="2018-09-10 06:27:08Z" end-time="2018-09-10 06:27:08Z" duration="0.118032" total="6" passed="5" failed="1" inconclusive="0" skipped="0" asserts="18" random-seed="1261723548">
  <command-line><![CDATA[/var/www/html/SmartAccounting/Smart_Accounting/Smart_Accounting.Domain.NUnitTest/bin/Debug/netcoreapp2.0/Smart_Accounting.Domain.NUnitTest.dll]]></command-line>
  <filter />
  <test-suite type="Assembly" id="1010" name="Smart_Accounting.Domain.NUnitTest.dll" fullname="/var/www/html/SmartAccounting/Smart_Accounting/Smart_Accounting.Domain.NUnitTest/bin/Debug/netcoreapp2.0/Smart_Accounting.Domain.NUnitTest.dll" runstate="Runnable" testcasecount="6" result="Failed" site="Child" start-time="2018-09-10 06:27:08Z" end-time="2018-09-10 06:27:08Z" duration="0.118032" total="6" passed="5" failed="1" warnings="0" inconclusive="0" skipped="0" asserts="18">
    <environment framework-version="3.10.1.0" clr-version="4.0.30319.42000" os-version="Linux 4.15.0-32-generic #35-Ubuntu SMP Fri Aug 10 17:58:07 UTC 2018" platform="Unix" cwd="/var/www/html/SmartAccounting/Smart_Accounting/Smart_Accounting.Domain.NUnitTest" machine-name="appdiv-OptiPlex-3020" user="appdiv" user-domain="appdiv-OptiPlex-3020" culture="en-US" uiculture="en-US" os-architecture="x64" />
    <settings>
      <setting name="WorkDirectory" value="/var/www/html/SmartAccounting/Smart_Accounting/Smart_Accounting.Domain.NUnitTest" />
      <setting name="NumberOfTestWorkers" value="4" />
    </settings>
    <properties>
      <property name="_PID" value="5285" />
      <property name="_APPDOMAIN" value="Smart_Accounting.Domain.NUnitTest" />
    </properties>
    <failure>
      <message><![CDATA[One or more child tests had errors]]></message>
    </failure>
    <test-suite type="TestSuite" id="1011" name="Smart_Accounting" fullname="Smart_Accounting" runstate="Runnable" testcasecount="6" result="Failed" site="Child" start-time="2018-09-10 06:27:08Z" end-time="2018-09-10 06:27:08Z" duration="0.109596" total="6" passed="5" failed="1" warnings="0" inconclusive="0" skipped="0" asserts="18">
      <failure>
        <message><![CDATA[One or more child tests had errors]]></message>
      </failure>
      <test-suite type="TestSuite" id="1012" name="Domain" fullname="Smart_Accounting.Domain" runstate="Runnable" testcasecount="6" result="Failed" site="Child" start-time="2018-09-10 06:27:08Z" end-time="2018-09-10 06:27:08Z" duration="0.109052" total="6" passed="5" failed="1" warnings="0" inconclusive="0" skipped="0" asserts="18">
        <failure>
          <message><![CDATA[One or more child tests had errors]]></message>
        </failure>
        <test-suite type="TestSuite" id="1013" name="NUnitTest" fullname="Smart_Accounting.Domain.NUnitTest" runstate="Runnable" testcasecount="6" result="Failed" site="Child" start-time="2018-09-10 06:27:08Z" end-time="2018-09-10 06:27:08Z" duration="0.109043" total="6" passed="5" failed="1" warnings="0" inconclusive="0" skipped="0" asserts="18">
          <failure>
            <message><![CDATA[One or more child tests had errors]]></message>
          </failure>
          <test-suite type="TestSuite" id="1016" name="Account" fullname="Smart_Accounting.Domain.NUnitTest.Account" runstate="Runnable" testcasecount="2" result="Passed" start-time="2018-09-10 06:27:08Z" end-time="2018-09-10 06:27:08Z" duration="0.037454" total="2" passed="2" failed="0" warnings="0" inconclusive="0" skipped="0" asserts="8">
            <test-suite type="TestFixture" id="1005" name="AccountChartTest" fullname="Smart_Accounting.Domain.NUnitTest.Account.AccountChartTest" classname="Smart_Accounting.Domain.NUnitTest.Account.AccountChartTest" runstate="Runnable" testcasecount="2" result="Passed" start-time="2018-09-10 06:27:08Z" end-time="2018-09-10 06:27:08Z" duration="0.034304" total="2" passed="2" failed="0" warnings="0" inconclusive="0" skipped="0" asserts="8">
              <properties>
                <property name="Author" value="Mikael Araya &lt;Mikaelaraya12@gmail.com&gt;" />
              </properties>
              <test-case id="1007" name="AccountChartAccountTypeInitializationTest" fullname="Smart_Accounting.Domain.NUnitTest.Account.AccountChartTest.AccountChartAccountTypeInitializationTest" methodname="AccountChartAccountTypeInitializationTest" classname="Smart_Accounting.Domain.NUnitTest.Account.AccountChartTest" runstate="Runnable" seed="1386437685" result="Passed" start-time="2018-09-10 06:27:08Z" end-time="2018-09-10 06:27:08Z" duration="0.023619" asserts="3" />
              <test-case id="1006" name="AccountChartInitializationTEST" fullname="Smart_Accounting.Domain.NUnitTest.Account.AccountChartTest.AccountChartInitializationTEST" methodname="AccountChartInitializationTEST" classname="Smart_Accounting.Domain.NUnitTest.Account.AccountChartTest" runstate="Runnable" seed="481785201" result="Passed" start-time="2018-09-10 06:27:08Z" end-time="2018-09-10 06:27:08Z" duration="0.002005" asserts="5" />
            </test-suite>
          </test-suite>
          <test-suite type="TestSuite" id="1017" name="Accounts" fullname="Smart_Accounting.Domain.NUnitTest.Accounts" runstate="Runnable" testcasecount="1" result="Passed" start-time="2018-09-10 06:27:08Z" end-time="2018-09-10 06:27:08Z" duration="0.040171" total="1" passed="1" failed="0" warnings="0" inconclusive="0" skipped="0" asserts="3">
            <test-suite type="TestFixture" id="1008" name="AccountTypeTest" fullname="Smart_Accounting.Domain.NUnitTest.Accounts.AccountTypeTest" classname="Smart_Accounting.Domain.NUnitTest.Accounts.AccountTypeTest" runstate="Runnable" testcasecount="1" result="Passed" start-time="2018-09-10 06:27:08Z" end-time="2018-09-10 06:27:08Z" duration="0.000617" total="1" passed="1" failed="0" warnings="0" inconclusive="0" skipped="0" asserts="3">
              <properties>
                <property name="Author" value="Mikael Araya &lt;MikaelAraya12@gmail.com&gt;" />
              </properties>
              <test-case id="1009" name="AccountTypeInitializationTEST" fullname="Smart_Accounting.Domain.NUnitTest.Accounts.AccountTypeTest.AccountTypeInitializationTEST" methodname="AccountTypeInitializationTEST" classname="Smart_Accounting.Domain.NUnitTest.Accounts.AccountTypeTest" runstate="Runnable" seed="757629008" result="Passed" start-time="2018-09-10 06:27:08Z" end-time="2018-09-10 06:27:08Z" duration="0.000386" asserts="3" />
            </test-suite>
          </test-suite>
          <test-suite type="TestSuite" id="1015" name="CalanderPeriod" fullname="Smart_Accounting.Domain.NUnitTest.CalanderPeriod" runstate="Runnable" testcasecount="2" result="Failed" site="Child" start-time="2018-09-10 06:27:08Z" end-time="2018-09-10 06:27:08Z" duration="0.108077" total="2" passed="1" failed="1" warnings="0" inconclusive="0" skipped="0" asserts="3">
            <failure>
              <message><![CDATA[One or more child tests had errors]]></message>
            </failure>
            <test-suite type="TestFixture" id="1002" name="CalanderPeriodTest" fullname="Smart_Accounting.Domain.NUnitTest.CalanderPeriod.CalanderPeriodTest" classname="Smart_Accounting.Domain.NUnitTest.CalanderPeriod.CalanderPeriodTest" runstate="Runnable" testcasecount="2" result="Failed" site="Child" start-time="2018-09-10 06:27:08Z" end-time="2018-09-10 06:27:08Z" duration="0.067883" total="2" passed="1" failed="1" warnings="0" inconclusive="0" skipped="0" asserts="3">
              <properties>
                <property name="Author" value="Mikael Araya &lt;MikaelAraya12@gmail.com&gt;" />
              </properties>
              <failure>
                <message><![CDATA[One or more child tests had errors]]></message>
              </failure>
              <test-case id="1004" name="Calander_Satrt_Less_than_End_Test" fullname="Smart_Accounting.Domain.NUnitTest.CalanderPeriod.CalanderPeriodTest.Calander_Satrt_Less_than_End_Test" methodname="Calander_Satrt_Less_than_End_Test" classname="Smart_Accounting.Domain.NUnitTest.CalanderPeriod.CalanderPeriodTest" runstate="Runnable" seed="804502" result="Failed" start-time="2018-09-10 06:27:08Z" end-time="2018-09-10 06:27:08Z" duration="0.066012" asserts="1">
                <failure>
                  <message><![CDATA[  Expected: greater than 2018-09-11 09:27:08.3164849
  But was:  2018-09-10 09:27:08.3159674
]]></message>
                  <stack-trace><![CDATA[   at Smart_Accounting.Domain.NUnitTest.CalanderPeriod.CalanderPeriodTest.Calander_Satrt_Less_than_End_Test() in /var/www/html/SmartAccounting/Smart_Accounting/Smart_Accounting.Domain.NUnitTest/CalanderPeriod/CalanderPeriodTest.cs:line 39
]]></stack-trace>
                </failure>
                <assertions>
                  <assertion result="Failed">
                    <message><![CDATA[  Expected: greater than 2018-09-11 09:27:08.3164849
  But was:  2018-09-10 09:27:08.3159674
]]></message>
                    <stack-trace><![CDATA[   at Smart_Accounting.Domain.NUnitTest.CalanderPeriod.CalanderPeriodTest.Calander_Satrt_Less_than_End_Test() in /var/www/html/SmartAccounting/Smart_Accounting/Smart_Accounting.Domain.NUnitTest/CalanderPeriod/CalanderPeriodTest.cs:line 39
]]></stack-trace>
                  </assertion>
                </assertions>
              </test-case>
              <test-case id="1003" name="CalanderPropertiesInitializationTest" fullname="Smart_Accounting.Domain.NUnitTest.CalanderPeriod.CalanderPeriodTest.CalanderPropertiesInitializationTest" methodname="CalanderPropertiesInitializationTest" classname="Smart_Accounting.Domain.NUnitTest.CalanderPeriod.CalanderPeriodTest" runstate="Runnable" seed="802702055" result="Passed" start-time="2018-09-10 06:27:08Z" end-time="2018-09-10 06:27:08Z" duration="0.001618" asserts="2" />
            </test-suite>
          </test-suite>
          <test-suite type="TestSuite" id="1014" name="Organizations" fullname="Smart_Accounting.Domain.NUnitTest.Organizations" runstate="Runnable" testcasecount="1" result="Passed" start-time="2018-09-10 06:27:08Z" end-time="2018-09-10 06:27:08Z" duration="0.109025" total="1" passed="1" failed="0" warnings="0" inconclusive="0" skipped="0" asserts="4">
            <test-suite type="TestFixture" id="1000" name="OrganizationsTest" fullname="Smart_Accounting.Domain.NUnitTest.Organizations.OrganizationsTest" classname="Smart_Accounting.Domain.NUnitTest.Organizations.OrganizationsTest" runstate="Runnable" testcasecount="1" result="Passed" start-time="2018-09-10 06:27:08Z" end-time="2018-09-10 06:27:08Z" duration="0.000931" total="1" passed="1" failed="0" warnings="0" inconclusive="0" skipped="0" asserts="4">
              <properties>
                <property name="Author" value="Mikael Araya &lt;MikaelAraya12@gmail.com&gt;" />
              </properties>
              <test-case id="1001" name="OrganizationInitializationTEST" fullname="Smart_Accounting.Domain.NUnitTest.Organizations.OrganizationsTest.OrganizationInitializationTEST" methodname="OrganizationInitializationTEST" classname="Smart_Accounting.Domain.NUnitTest.Organizations.OrganizationsTest" runstate="Runnable" seed="2122460963" result="Passed" start-time="2018-09-10 06:27:08Z" end-time="2018-09-10 06:27:08Z" duration="0.000805" asserts="4" />
            </test-suite>
          </test-suite>
        </test-suite>
      </test-suite>
    </test-suite>
  </test-suite>
</test-run>